13:12:05:118 [170268] | INFO  | Initializing crosire's ReShade version '6.3.3.130' (64-bit) loaded from 'D:\UnrealProjects\SharedTexProject\Build\DX12\WindowsNoEditor\SharedTexProject\Binaries\Win64\dxgi.dll' into 'D:\UnrealProjects\SharedTexProject\Build\DX12\WindowsNoEditor\SharedTexProject\Binaries\Win64\SharedTexProject.exe' (0xE440A37E) ...
13:12:05:118 [170268] | INFO  | Registering hooks for 'user32.dll' ...
13:12:05:119 [170268] | INFO  | > Libraries loaded.
13:12:05:119 [170268] | INFO  | > Found 21 match(es). Installing ...
13:12:05:198 [170268] | INFO  | Registering hooks for 'C:\WINDOWS\system32\dinput.dll' ...
13:12:05:198 [170268] | INFO  | > Delayed.
13:12:05:198 [170268] | INFO  | Registering hooks for 'C:\WINDOWS\system32\dinput8.dll' ...
13:12:05:199 [170268] | INFO  | > Delayed.
13:12:05:199 [170268] | INFO  | Registering hooks for 'C:\WINDOWS\system32\d2d1.dll' ...
13:12:05:199 [170268] | INFO  | > Delayed.
13:12:05:199 [170268] | INFO  | Registering hooks for 'C:\WINDOWS\system32\d3d9.dll' ...
13:12:05:199 [170268] | INFO  | > Libraries loaded.
13:12:05:199 [170268] | INFO  | > Found 11 match(es). Installing ...
13:12:05:280 [170268] | INFO  | Registering hooks for 'C:\WINDOWS\system32\d3d10.dll' ...
13:12:05:281 [170268] | INFO  | > Delayed.
13:12:05:281 [170268] | INFO  | Registering hooks for 'C:\WINDOWS\system32\d3d10_1.dll' ...
13:12:05:281 [170268] | INFO  | > Delayed.
13:12:05:281 [170268] | INFO  | Registering hooks for 'C:\WINDOWS\system32\d3d11.dll' ...
13:12:05:281 [170268] | INFO  | > Libraries loaded.
13:12:05:281 [170268] | INFO  | > Found 3 match(es). Installing ...
13:12:05:360 [170268] | INFO  | Registering hooks for 'C:\WINDOWS\system32\d3d12.dll' ...
13:12:05:361 [170268] | INFO  | > Delayed.
13:12:05:361 [170268] | INFO  | Registering hooks for 'C:\WINDOWS\system32\dxgi.dll' ...
13:12:05:361 [170268] | INFO  | > Delayed until first call to an exported function.
13:12:05:362 [170268] | INFO  | Registering hooks for 'vrclient_x64.dll' ...
13:12:05:362 [170268] | INFO  | > Delayed.
13:12:05:362 [170268] | INFO  | Initialized.
13:12:05:583 [170268] | INFO  | Redirecting RegisterClassW(lpWndClass = 000000D04EEC6EC0 { "UnrealWindow", style = 0x8 }) ...
13:12:05:583 [170268] | INFO  | > Adding 'CS_OWNDC' window class style flag to "UnrealWindow".
13:12:05:607 [170268] | INFO  | Redirecting CreateDXGIFactory1(riid = {1BC6EA02-EF36-464F-BF0C-21CA39E5168A}, ppFactory = 000000D04EEC04D8) ...
13:12:05:623 [170268] | INFO  | Installing export hooks for 'C:\WINDOWS\system32\dxgi.dll' ...
13:12:05:623 [170268] | INFO  | > Found 5 match(es). Installing ...
13:12:05:629 [170268] | INFO  | Installing delayed hooks for 'C:\WINDOWS\system32\d3d12.dll' (Just loaded via LoadLibrary('C:\WINDOWS\SYSTEM32\d3d12.dll')) ...
13:12:05:629 [170268] | INFO  | > Found 8 match(es). Installing ...
13:12:05:695 [170268] | INFO  | Redirecting D3D12CreateDevice(pAdapter = 0000020B3A4661D0, MinimumFeatureLevel = b000, riid = {189819F1-1DB6-4B57-BE54-1821339B85F7}, ppDevice = 000000D04EEC03C8) ...
13:12:05:708 [170268] | INFO  | Redirecting CreateDXGIFactory2(Flags = 0x80000000, riid = {1BC6EA02-EF36-464F-BF0C-21CA39E5168A}, ppFactory = 000000D04EEBFD78) ...
13:12:05:896 [170268] | INFO  | Searching for add-ons (*.addon, *.addon64) in 'D:\UnrealProjects\SharedTexProject\Build\DX12\WindowsNoEditor\SharedTexProject\Binaries\Win64' ...
13:12:05:896 [170268] | INFO  | Loading add-on from 'D:\UnrealProjects\SharedTexProject\Build\DX12\WindowsNoEditor\SharedTexProject\Binaries\Win64\Bino3D_Capture.addon64' ...
13:12:05:898 [170268] | INFO  | Registered add-on "Bino3D Capture" v0.0.0.0 using ReShade API version 14.
13:12:05:899 [170268] | INFO  | Unloading add-on "Bino3D Capture" ...
13:12:05:899 [170268] | INFO  | [Bino3D Capture] Bino3D AddonUninit.
13:12:05:899 [170268] | INFO  | Unregistered add-on "Bino3D Capture".
13:12:05:923 [170268] | INFO  | Redirecting D3D12CreateDevice(pAdapter = 0000020B4174D930, MinimumFeatureLevel = b000, riid = {189819F1-1DB6-4B57-BE54-1821339B85F7}, ppDevice = 000000D04EEC03C8) ...
13:12:05:926 [170268] | INFO  | Redirecting CreateDXGIFactory2(Flags = 0x80000000, riid = {1BC6EA02-EF36-464F-BF0C-21CA39E5168A}, ppFactory = 000000D04EEBFD78) ...
13:12:06:031 [170268] | INFO  | Searching for add-ons (*.addon, *.addon64) in 'D:\UnrealProjects\SharedTexProject\Build\DX12\WindowsNoEditor\SharedTexProject\Binaries\Win64' ...
13:12:06:031 [170268] | INFO  | Loading add-on from 'D:\UnrealProjects\SharedTexProject\Build\DX12\WindowsNoEditor\SharedTexProject\Binaries\Win64\Bino3D_Capture.addon64' ...
13:12:06:033 [170268] | INFO  | Registered add-on "Bino3D Capture" v0.0.0.0 using ReShade API version 14.
13:12:06:034 [170268] | INFO  | Unloading add-on "Bino3D Capture" ...
13:12:06:034 [170268] | INFO  | [Bino3D Capture] Bino3D AddonUninit.
13:12:06:034 [170268] | INFO  | Unregistered add-on "Bino3D Capture".
13:12:06:055 [170268] | INFO  | Redirecting D3D12CreateDevice(pAdapter = 0000020B4174D930, MinimumFeatureLevel = b000, riid = {189819F1-1DB6-4B57-BE54-1821339B85F7}, ppDevice = 000000D04EEC03C8) ...
13:12:06:058 [170268] | INFO  | Redirecting CreateDXGIFactory2(Flags = 0x80000000, riid = {1BC6EA02-EF36-464F-BF0C-21CA39E5168A}, ppFactory = 000000D04EEBFD78) ...
13:12:06:074 [170268] | INFO  | Searching for add-ons (*.addon, *.addon64) in 'D:\UnrealProjects\SharedTexProject\Build\DX12\WindowsNoEditor\SharedTexProject\Binaries\Win64' ...
13:12:06:075 [170268] | INFO  | Loading add-on from 'D:\UnrealProjects\SharedTexProject\Build\DX12\WindowsNoEditor\SharedTexProject\Binaries\Win64\Bino3D_Capture.addon64' ...
13:12:06:076 [170268] | INFO  | Registered add-on "Bino3D Capture" v0.0.0.0 using ReShade API version 14.
13:12:06:077 [170268] | INFO  | Unloading add-on "Bino3D Capture" ...
13:12:06:077 [170268] | INFO  | [Bino3D Capture] Bino3D AddonUninit.
13:12:06:077 [170268] | INFO  | Unregistered add-on "Bino3D Capture".
13:12:06:122 [170268] | INFO  | Redirecting CreateDXGIFactory1(riid = {7B7166EC-21C7-44AE-B21A-C9AE321AE369}, ppFactory = 0000020B3E605F28) ...
13:12:06:122 [170268] | INFO  | Redirecting D3D12CreateDevice(pAdapter = 0000020B41061B00, MinimumFeatureLevel = c100, riid = {189819F1-1DB6-4B57-BE54-1821339B85F7}, ppDevice = 0000020B3E605A58) ...
13:12:06:134 [170268] | INFO  | Redirecting CreateDXGIFactory2(Flags = 0x80000000, riid = {1BC6EA02-EF36-464F-BF0C-21CA39E5168A}, ppFactory = 000000D04EEB2228) ...
13:12:06:234 [170268] | INFO  | Searching for add-ons (*.addon, *.addon64) in 'D:\UnrealProjects\SharedTexProject\Build\DX12\WindowsNoEditor\SharedTexProject\Binaries\Win64' ...
13:12:06:234 [170268] | INFO  | Loading add-on from 'D:\UnrealProjects\SharedTexProject\Build\DX12\WindowsNoEditor\SharedTexProject\Binaries\Win64\Bino3D_Capture.addon64' ...
13:12:06:237 [170268] | INFO  | Registered add-on "Bino3D Capture" v0.0.0.0 using ReShade API version 14.
13:12:06:244 [170268] | INFO  | Redirecting ID3D12Device::CreateCommandQueue(this = 0000020B4216FB50, pDesc = 000000D04EEBC910, riid = {0EC870A6-5D7E-4C22-8CFC-5BAAE07616ED}, ppCommandQueue = 000000D04EEBC8C8) ...
13:12:06:244 [170268] | INFO  | > Dumping command queue description:
13:12:06:244 [170268] | INFO  |   +-----------------------------------------+-----------------------------------------+
13:12:06:245 [170268] | INFO  |   | Parameter                               | Value                                   |
13:12:06:245 [170268] | INFO  |   +-----------------------------------------+-----------------------------------------+
13:12:06:245 [170268] | INFO  |   | Type                                    | 0                                       |
13:12:06:245 [170268] | INFO  |   | Priority                                | 0                                       |
13:12:06:245 [170268] | INFO  |   | Flags                                   | 0                                       |
13:12:06:245 [170268] | INFO  |   | NodeMask                                | 1                                       |
13:12:06:245 [170268] | INFO  |   +-----------------------------------------+-----------------------------------------+
13:12:06:270 [170268] | INFO  | Redirecting ID3D12Device::CreateCommandQueue(this = 0000020B4216FB50, pDesc = 000000D04EEBC910, riid = {0EC870A6-5D7E-4C22-8CFC-5BAAE07616ED}, ppCommandQueue = 000000D04EEBC8C8) ...
13:12:06:270 [170268] | INFO  | > Dumping command queue description:
13:12:06:270 [170268] | INFO  |   +-----------------------------------------+-----------------------------------------+
13:12:06:271 [170268] | INFO  |   | Parameter                               | Value                                   |
13:12:06:271 [170268] | INFO  |   +-----------------------------------------+-----------------------------------------+
13:12:06:271 [170268] | INFO  |   | Type                                    | 3                                       |
13:12:06:271 [170268] | INFO  |   | Priority                                | 0                                       |
13:12:06:271 [170268] | INFO  |   | Flags                                   | 0                                       |
13:12:06:271 [170268] | INFO  |   | NodeMask                                | 1                                       |
13:12:06:271 [170268] | INFO  |   +-----------------------------------------+-----------------------------------------+
13:12:06:277 [170268] | INFO  | Redirecting ID3D12Device::CreateCommandQueue(this = 0000020B4216FB50, pDesc = 000000D04EEBC910, riid = {0EC870A6-5D7E-4C22-8CFC-5BAAE07616ED}, ppCommandQueue = 000000D04EEBC8C8) ...
13:12:06:279 [170268] | INFO  | > Dumping command queue description:
13:12:06:279 [170268] | INFO  |   +-----------------------------------------+-----------------------------------------+
13:12:06:279 [170268] | INFO  |   | Parameter                               | Value                                   |
13:12:06:279 [170268] | INFO  |   +-----------------------------------------+-----------------------------------------+
13:12:06:279 [170268] | INFO  |   | Type                                    | 2                                       |
13:12:06:279 [170268] | INFO  |   | Priority                                | 0                                       |
13:12:06:279 [170268] | INFO  |   | Flags                                   | 0                                       |
13:12:06:279 [170268] | INFO  |   | NodeMask                                | 1                                       |
13:12:06:279 [170268] | INFO  |   +-----------------------------------------+-----------------------------------------+
13:12:06:358 [170268] | INFO  | Redirecting IDXGIFactory::CreateSwapChain(this = 0000020B3DC45CC0, pDevice = 0000020B423062E0, pDesc = 000000D04EEC4CA0, ppSwapChain = 000000D04EEC4C58) ...
13:12:06:359 [170268] | INFO  | > Dumping swap chain description:
13:12:06:359 [170268] | INFO  |   +-----------------------------------------+-----------------------------------------+
13:12:06:359 [170268] | INFO  |   | Parameter                               | Value                                   |
13:12:06:359 [170268] | INFO  |   +-----------------------------------------+-----------------------------------------+
13:12:06:359 [170268] | INFO  |   | Width                                   | 1539                                    |
13:12:06:359 [170268] | INFO  |   | Height                                  | 823                                     |
13:12:06:360 [170268] | INFO  |   | RefreshRate                             | 0                   0                   |
13:12:06:360 [170268] | INFO  |   | Format                                  | DXGI_FORMAT_R10G10B10A2_UNORM           |
13:12:06:360 [170268] | INFO  |   | ScanlineOrdering                        | 0                                       |
13:12:06:360 [170268] | INFO  |   | Scaling                                 | 0                                       |
13:12:06:360 [170268] | INFO  |   | SampleCount                             | 1                                       |
13:12:06:360 [170268] | INFO  |   | SampleQuality                           | 0                                       |
13:12:06:360 [170268] | INFO  |   | BufferUsage                             | 0x30                                    |
13:12:06:360 [170268] | INFO  |   | BufferCount                             | 3                                       |
13:12:06:360 [170268] | INFO  |   | OutputWindow                            | 000000000175219A                        |
13:12:06:360 [170268] | INFO  |   | Windowed                                | TRUE                                    |
13:12:06:360 [170268] | INFO  |   | SwapEffect                              | 4                                       |
13:12:06:361 [170268] | INFO  |   | Flags                                   | 0x802                                   |
13:12:06:361 [170268] | INFO  |   +-----------------------------------------+-----------------------------------------+
13:12:06:367 [170268] | INFO  | Redirecting CreateDXGIFactory2(Flags = 0, riid = {1BC6EA02-EF36-464F-BF0C-21CA39E5168A}, ppFactory = 000000D04EEC44F8) ...
13:12:06:368 [170268] | INFO  | Redirecting CreateDXGIFactory2(Flags = 0, riid = {1BC6EA02-EF36-464F-BF0C-21CA39E5168A}, ppFactory = 000000D04EEC44F8) ...
13:12:06:368 [170268] | INFO  | Redirecting CreateDXGIFactory2(Flags = 0, riid = {1BC6EA02-EF36-464F-BF0C-21CA39E5168A}, ppFactory = 000000D04EEC44F8) ...
13:12:06:369 [170268] | INFO  | Redirecting CreateDXGIFactory2(Flags = 0, riid = {1BC6EA02-EF36-464F-BF0C-21CA39E5168A}, ppFactory = 000000D04EEC44F8) ...
13:12:06:369 [170268] | INFO  | Running on NVIDIA GeForce RTX 3080 Ti Driver 566.7.
13:12:06:894 [170268] | INFO  | Recreated runtime environment on runtime 0000020B428416D0 ('D:\UnrealProjects\SharedTexProject\Build\DX12\WindowsNoEditor\SharedTexProject\Binaries\Win64\ReShade.ini').
13:12:06:905 [170268] | INFO  | Redirecting IDXGISwapChain::ResizeBuffers(this = 0000020B427BD000, BufferCount = 3, Width = 1539, Height = 823, NewFormat = 24, SwapChainFlags = 0x802) ...
13:12:06:906 [170268] | INFO  | Destroyed runtime environment on runtime 0000020B428416D0 ('D:\UnrealProjects\SharedTexProject\Build\DX12\WindowsNoEditor\SharedTexProject\Binaries\Win64\ReShade.ini').
13:12:06:910 [170268] | INFO  | Recreated runtime environment on runtime 0000020B428416D0 ('D:\UnrealProjects\SharedTexProject\Build\DX12\WindowsNoEditor\SharedTexProject\Binaries\Win64\ReShade.ini').
13:12:06:976 [169804] | WARN  | Successfully compiled 'D:\UnrealProjects\SharedTexProject\Build\DX12\WindowsNoEditor\SharedTexProject\Binaries\Win64\reshade-shaders\Shaders\Depth3D\SuperDepth3D.fx' in 0.016000 s with warnings:
D:\UnrealProjects\SharedTexProject\Build\DX12\WindowsNoEditor\SharedTexProject\Binaries\Win64\reshade-shaders\Shaders\Depth3D\SuperDepth3D.fx(620, 35): warning X3206: implicit truncation of vector type

14:13:12:882 [169064] | INFO  | Destroyed runtime environment on runtime 0000020B428416D0 ('D:\UnrealProjects\SharedTexProject\Build\DX12\WindowsNoEditor\SharedTexProject\Binaries\Win64\ReShade.ini').
14:13:12:893 [169064] | WARN  | Reference count for IDXGISwapChain4 object 0000020B427BD000 (0000020B427BD4C0) is inconsistent (1).
14:13:14:010 [170268] | INFO  | Exiting ...
14:13:14:011 [170268] | WARN  | Bino3D window not found.
14:13:14:011 [170268] | WARN  | Add-ons are still loaded! Application may crash on exit.
14:13:14:011 [170268] | INFO  | Uninstalling 53 hook(s) ...
14:13:15:136 [170268] | INFO  | Finished exiting.
